<?xml version="1.0" encoding="UTF-8"?>
<!-- Generated by org.testng.reporters.JUnitXMLReporter -->
<testsuite ignored="2" hostname="DESKTOP-OP2ER18" failures="0" tests="5" name="Car Loan" time="0.163" errors="0" timestamp="2025-10-21T23:17:37 IST">
  <testcase classname="test.Day3" name="mobileLogOutCarLoan" time="0.015"/>
  <testcase classname="test.Day3" name="mobileLogOutCarLoan" time="0.007"/>
  <testcase classname="test.Day3" name="mobileLogOutCarLoan" time="0.01"/>
  <testcase classname="test.Day3" name="mobileLoginCarLoan" time="0.006"/>
  <testcase classname="test.Day3" name="webLoginCarLoan" time="0.003"/>
  <testcase classname="test.Day3" name="APIloginCarloan" time="0.0">
    <ignored/>
  </testcase> <!-- APIloginCarloan -->
  <testcase classname="test.Day3" name="mobileSignInCarLoan" time="0.0">
    <ignored/>
  </testcase> <!-- mobileSignInCarLoan -->
</testsuite> <!-- Car Loan -->
