<?xml version="1.0" encoding="UTF-8"?>
<!-- Generated by org.testng.reporters.JUnitXMLReporter -->
<testsuite ignored="1" hostname="DESKTOP-OP2ER18" failures="1" tests="5" name="Personal Loan" time="0.144" errors="0" timestamp="2025-10-21T23:17:37 IST">
  <testcase classname="test.Day2" name="loan" time="0.017"/>
  <testcase classname="test.Day4" name="loginAPICarloan" time="0.012"/>
  <testcase classname="test.Day4" name="mobileLoginHomeLoan" time="0.005"/>
  <testcase classname="test.Day1" name="Demo" time="0.046">
    <failure type="java.lang.AssertionError" message="expected [true] but found [false]">
      <![CDATA[java.lang.AssertionError: expected [true] but found [false]
at test.Day1.Demo(Day1.java:20)
at java.base/java.util.concurrent.Executors$RunnableAdapter.call(Executors.java:572)
at java.base/java.util.concurrent.FutureTask.run(FutureTask.java:317)
at java.base/java.util.concurrent.ThreadPoolExecutor.runWorker(ThreadPoolExecutor.java:1144)
at java.base/java.util.concurrent.ThreadPoolExecutor$Worker.run(ThreadPoolExecutor.java:642)
at java.base/java.lang.Thread.run(Thread.java:1583)
... Removed 15 stack frames]]>
    </failure>
  </testcase> <!-- Demo -->
  <testcase classname="test.Day4" name="webLoginHomeLoan" time="0.007"/>
  <testcase classname="test.Day1" name="SecondTest" time="0.0">
    <ignored/>
  </testcase> <!-- SecondTest -->
</testsuite> <!-- Personal Loan -->
