<?xml version="1.0" encoding="UTF-8"?>
<!-- Generated by org.testng.reporters.JUnitXMLReporter -->
<testsuite ignored="8" hostname="DESKTOP-OP2ER18" failures="0" tests="3" name="Regression" time="0.097" errors="0" timestamp="2025-10-21T23:35:54 IST">
  <testcase classname="test.Day2" name="loan" time="0.019"/>
  <testcase classname="test.Day4" name="mobileLoginHomeLoan" time="0.001"/>
  <testcase classname="test.Day3" name="mobileLoginCarLoan" time="0.002"/>
  <testcase classname="test.Day1" name="Demo" time="0.0">
    <ignored/>
  </testcase> <!-- Demo -->
  <testcase classname="test.Day1" name="SecondTest" time="0.0">
    <ignored/>
  </testcase> <!-- SecondTest -->
  <testcase classname="test.Day3" name="mobileLogOutCarLoan" time="0.0">
    <ignored/>
  </testcase> <!-- mobileLogOutCarLoan -->
  <testcase classname="test.Day4" name="webLoginHomeLoan" time="0.0">
    <ignored/>
  </testcase> <!-- webLoginHomeLoan -->
  <testcase classname="test.Day3" name="APIloginCarloan" time="0.0">
    <ignored/>
  </testcase> <!-- APIloginCarloan -->
  <testcase classname="test.Day4" name="loginAPICarloan" time="0.0">
    <ignored/>
  </testcase> <!-- loginAPICarloan -->
  <testcase classname="test.Day3" name="webLoginCarLoan" time="0.0">
    <ignored/>
  </testcase> <!-- webLoginCarLoan -->
  <testcase classname="test.Day3" name="mobileSignInCarLoan" time="0.0">
    <ignored/>
  </testcase> <!-- mobileSignInCarLoan -->
</testsuite> <!-- Regression -->
